[conclusion from this C.A.R program]

the primary reason why the WordPress homepage runs slowly is due to a call initiated by the following line of code:

-> fread('https://api.wordpress.org/core/version-check/1.7/?version=6.8.3&php=8.4.10&locale=en_US&mysql=8.4.6');

[excerpt from xdebug trace report]

TRACE START [2025-11-19 15:12:47.052726]
    0.5877     426872   -> {main}() C:\Apache24\htdocs\wp-cron.php:0
    ...
    7.3925   34129120                       -> WP_HTTP_Requests_Hooks->dispatch($hook = 'fsockopen.after_send', $parameters = [0 => 'POST /core/version-check/1.7/?version=6.8.3&php=8.4.10&locale=en_US&mysql=8.4.6&local_package=&blogs=1&users=1&multisite_enabled=0&initial_db_version=60421&extensions%5Bapache2handler%5D=8.4.10&extensions%5Bbcmath%5D=8.4.10&extensions%5Bcalendar%5D=8.4.10&extensions%5BCore%5D=8.4.10&extensions%5Bctype%5D=8.4.10&extensions%5Bdate%5D=8.4.10&extensions%5Bdom%5D=20031129&extensions%5Bfilter%5D=8.4.10&extensions%5Bhash%5D=8.4.10&extensions%5Biconv%5D=8.4.10&extensions%5Bjson%5D=8.4.10&extensions%5Blibxml%5D=8.4.'...]) C:\Apache24\htdocs\wp-includes\Requests\src\Transport\Fsockopen.php:265
    7.3925   34129120                         -> WpOrg\Requests\Hooks->dispatch($hook = 'fsockopen.after_send', $parameters = [0 => 'POST /core/version-check/1.7/?version=6.8.3&php=8.4.10&locale=en_US&mysql=8.4.6&local_package=&blogs=1&users=1&multisite_enabled=0&initial_db_version=60421&extensions%5Bapache2handler%5D=8.4.10&extensions%5Bbcmath%5D=8.4.10&extensions%5Bcalendar%5D=8.4.10&extensions%5BCore%5D=8.4.10&extensions%5Bctype%5D=8.4.10&extensions%5Bdate%5D=8.4.10&extensions%5Bdom%5D=20031129&extensions%5Bfilter%5D=8.4.10&extensions%5Bhash%5D=8.4.10&extensions%5Biconv%5D=8.4.10&extensions%5Bjson%5D=8.4.10&extensions%5Blibxml%5D=8.4.'...]) C:\Apache24\htdocs\wp-includes\class-wp-http-requests-hooks.php:52
    7.3925   34129120                           -> is_string($value = 'fsockopen.after_send') C:\Apache24\htdocs\wp-includes\Requests\src\Hooks.php:71
    7.3925   34129120                           -> is_array($value = [0 => 'POST /core/version-check/1.7/?version=6.8.3&php=8.4.10&locale=en_US&mysql=8.4.6&local_package=&blogs=1&users=1&multisite_enabled=0&initial_db_version=60421&extensions%5Bapache2handler%5D=8.4.10&extensions%5Bbcmath%5D=8.4.10&extensions%5Bcalendar%5D=8.4.10&extensions%5BCore%5D=8.4.10&extensions%5Bctype%5D=8.4.10&extensions%5Bdate%5D=8.4.10&extensions%5Bdom%5D=20031129&extensions%5Bfilter%5D=8.4.10&extensions%5Bhash%5D=8.4.10&extensions%5Biconv%5D=8.4.10&extensions%5Bjson%5D=8.4.10&extensions%5Blibxml%5D=8.4.'...]) C:\Apache24\htdocs\wp-includes\Requests\src\Hooks.php:76
    7.3925   34129176                         -> do_action_ref_array($hook_name = 'requests-fsockopen.after_send', $args = [0 => 'POST /core/version-check/1.7/?version=6.8.3&php=8.4.10&locale=en_US&mysql=8.4.6&local_package=&blogs=1&users=1&multisite_enabled=0&initial_db_version=60421&extensions%5Bapache2handler%5D=8.4.10&extensions%5Bbcmath%5D=8.4.10&extensions%5Bcalendar%5D=8.4.10&extensions%5BCore%5D=8.4.10&extensions%5Bctype%5D=8.4.10&extensions%5Bdate%5D=8.4.10&extensions%5Bdom%5D=20031129&extensions%5Bfilter%5D=8.4.10&extensions%5Bhash%5D=8.4.10&extensions%5Biconv%5D=8.4.10&extensions%5Bjson%5D=8.4.10&extensions%5Blibxml%5D=8.4.'...], ['method' => 'POST', 'timeout' => 30, 'redirection' => 5, 'httpversion' => '1.0', 'user-agent' => 'WordPress/6.8.3; http://localhost/', 'reject_unsafe_urls' => FALSE, 'blocking' => TRUE, 'headers' => ['wp_install' => 'http://localhost/', 'wp_blog' => 'http://localhost/'], 'cookies' => [], 'body' => ['translations' => '[]'], 'compress' => FALSE, 'decompress' => TRUE, 'sslverify' => TRUE, 'sslcertificates' => 'C:\\Apache24\\htdocs/wp-includes/certificates/ca-bundle.crt', 'stream' => FALSE, 'filename' => NULL, 'limit_response_size' => NULL, '_redirection' => 5], 'https://api.wordpress.org/core/version-check/1.7/?version=6.8.3&php=8.4.10&locale=en_US&mysql=8.4.6&local_package=&blogs=1&users=1&multisite_enabled=0&initial_db_version=60421&extensions%5Bapache2handler%5D=8.4.10&extensions%5Bbcmath%5D=8.4.10&extensions%5Bcalendar%5D=8.4.10&extensions%5BCore%5D=8.4.10&extensions%5Bctype%5D=8.4.10&extensions%5Bdate%5D=8.4.10&extensions%5Bdom%5D=20031129&extensions%5Bfilter%5D=8.4.10&extensions%5Bhash%5D=8.4.10&extensions%5Biconv%5D=8.4.10&extensions%5Bjson%5D=8.4.10&extensi'...) C:\Apache24\htdocs\wp-includes\class-wp-http-requests-hooks.php:75
    7.3925   34128960                       -> floor($num = 30) C:\Apache24\htdocs\wp-includes\Requests\src\Transport\Fsockopen.php:274
    7.3925   34128960                       -> stream_set_timeout($stream = resource(433) of type (stream), $seconds = 30, $microseconds = 0) C:\Apache24\htdocs\wp-includes\Requests\src\Transport\Fsockopen.php:281
    7.3926   34127464                       -> stream_get_meta_data($stream = resource(433) of type (stream)) C:\Apache24\htdocs\wp-includes\Requests\src\Transport\Fsockopen.php:286
    7.3926   34129256                       -> feof($stream = resource(433) of type (stream)) C:\Apache24\htdocs\wp-includes\Requests\src\Transport\Fsockopen.php:299
    7.3926   34129256                       -> stream_get_meta_data($stream = resource(433) of type (stream)) C:\Apache24\htdocs\wp-includes\Requests\src\Transport\Fsockopen.php:300
    7.3926   34129256                       -> fread($stream = resource(433) of type (stream), $length = 1160) C:\Apache24\htdocs\wp-includes\Requests\src\Transport\Fsockopen.php:305
    ...
   23.8732   36527960     -> wp_cache_close() C:\Apache24\htdocs\wp-includes\load.php:1306
   23.8757   36493672
TRACE END   [2025-11-19 15:12:49.351256]
